<?xml version="1.0" encoding="UTF-8"?>
<!-- Generated by org.testng.reporters.JUnitReportReporter -->
<testsuite hostname="MGD" failures="0" tests="1" name="com.sevenrmartsupermarket.tests.LogInTest" time="12.190" errors="0" timestamp="2024-09-25T07:47:11 IST" skipped="0">
  <testcase classname="com.sevenrmartsupermarket.tests.LogInTest" name="VerifyLogin" time="12.190"/>
  <system-out/>
</testsuite> <!-- com.sevenrmartsupermarket.tests.LogInTest -->
